\BOOKMARK [1][-]{section.1}{\376\377\211\322\122\250\221\317\116\016\133\371\146\023\121\163\174\373}{}% 1
\BOOKMARK [2][-]{subsection.1.1}{\376\377\217\150\220\123\211\322\122\250\221\317}{section.1}% 2
\BOOKMARK [2][-]{subsection.1.2}{\376\377\211\322\122\250\221\317\133\232\116\111\166\204\143\250\136\177}{section.1}% 3
\BOOKMARK [1][-]{section.2}{\376\377\211\322\122\250\221\317\166\204\146\156\220\115\164\006\213\272}{}% 4
\BOOKMARK [2][-]{subsection.2.1}{\376\377\133\232\116\111\116\016\173\046\123\367}{section.2}% 5
\BOOKMARK [3][-]{subsubsection.2.1.1}{\376\377\173\227\173\046\000J\000+\124\214\000J\000-}{subsection.2.1}% 6
\BOOKMARK [3][-]{subsubsection.2.1.2}{\376\377\000b\000o\000l\000d\0000\000m\000u\000\040\000m\000u\000m\000u\000\040\000J\000J\000s\000u\000b\000s\000u\000b\000s\000e\000c\000t\000i\000o\000n\000J\000J\000J\000J\0002\116\016\000J\000z\166\204\147\054\137\201\120\074\173\046\123\367\116\016\145\271\172\013}{subsection.2.1}% 7
\BOOKMARK [2][-]{subsection.2.2}{\376\377\000b\000o\000l\000d\0000\000m\000u\000\040\000m\000u\000m\000u\000\040\000J\000J\000s\000u\000b\000s\000e\000c\000t\000i\000o\000n\000J\000J\000J\000J\0002\116\016\000J\000z\166\204\147\054\137\201\120\074}{section.2}% 8
\BOOKMARK [3][-]{subsubsection.2.2.1}{\376\377\137\025\164\006\0001\377\032\000b\000o\000l\000d\0000\000m\000u\000\040\000m\000u\000m\000u\000\040\000J\000J\000s\000u\000b\000s\000u\000b\000s\000e\000c\000t\000i\000o\000n\000J\000J\000J\000J\0002\116\016\000J\000z\147\054\137\201\120\074\166\204\140\047\215\050}{subsection.2.2}% 9
\BOOKMARK [3][-]{subsubsection.2.2.2}{\376\377\137\025\164\006\0002\377\032\167\342\221\317\000J\000-\000|\000k\000,\000j\000,\000m\166\204\140\047\215\050}{subsection.2.2}% 10
\BOOKMARK [3][-]{subsubsection.2.2.3}{\376\377\137\025\164\006\0003\377\032\167\342\221\317\000J\000+\000|\000k\000,\000j\000,\000m\166\204\140\047\215\050}{subsection.2.2}% 11
\BOOKMARK [3][-]{subsubsection.2.2.4}{\376\377\170\156\133\232\000b\000o\000l\000d\0000\000m\000u\000\040\000m\000u\000m\000u\000\040\000J\000J\000s\000u\000b\000s\000u\000b\000s\000e\000c\000t\000i\000o\000n\000J\000J\000J\000J\0002\123\312\000J\000z\166\204\214\061}{subsection.2.2}% 12
\BOOKMARK [2][-]{subsection.2.3}{\376\377\210\150\214\141\000|\000k\000,\000j\000,\000m}{section.2}% 13
\BOOKMARK [3][-]{subsubsection.2.3.1}{\376\377\127\372\123\363\167\342}{subsection.2.3}% 14
\BOOKMARK [3][-]{subsubsection.2.3.2}{\376\377\133\120\172\172\225\364\000E\000\050\000k\000,\000j\000\051}{subsection.2.3}% 15
\BOOKMARK [3][-]{subsubsection.2.3.3}{\376\377\210\150\171\072\211\322\122\250\221\317\173\227\173\046\166\204\167\351\226\065}{subsection.2.3}% 16
\BOOKMARK [1][-]{section.3}{\376\377\136\224\165\050\116\216\217\150\220\123\211\322\122\250\221\317}{}% 17
\BOOKMARK [2][-]{subsection.3.1}{\376\377\000b\000o\000l\000d\0000\000m\000u\000\040\000m\000u\000m\000u\000\040\000L\000L\000s\000u\000b\000s\000e\000c\000t\000i\000o\000n\000L\000L\000L\000L\0002\116\016\000L\000z\166\204\147\054\137\201\120\074\123\312\147\054\137\201\121\375\145\160}{section.3}% 18
\BOOKMARK [3][-]{subsubsection.3.1.1}{\376\377\000|\000b\000o\000l\000d\0000\000m\000u\000\040\000m\000u\000m\000u\000\040\000r\000r\000s\000u\000b\000s\000u\000b\000s\000e\000c\000t\000i\000o\000n\000r\000r\000r\000r\210\150\214\141\116\055\166\204\147\054\137\201\120\074\145\271\172\013}{subsection.3.1}% 19
\BOOKMARK [3][-]{subsubsection.3.1.2}{\376\377\000l\116\016\000m\166\204\120\074}{subsection.3.1}% 20
\BOOKMARK [3][-]{subsubsection.3.1.3}{\376\377\164\003\214\020\121\375\145\160\166\204\116\073\211\201\140\047\215\050}{subsection.3.1}% 21
\BOOKMARK [3][-]{subsubsection.3.1.4}{\376\377\116\000\116\052\145\340\201\352\145\313\174\222\133\120\166\204\154\342\121\375\145\160\172\172\225\364\116\055\166\204\150\007\121\306\127\372}{subsection.3.1}% 22
\BOOKMARK [2][-]{subsection.3.2}{\376\377\121\163\116\216\155\113\221\317\000b\000o\000l\000d\0000\000m\000u\000\040\000m\000u\000m\000u\000\040\000L\000L\000s\000u\000b\000s\000e\000c\000t\000i\000o\000n\000L\000L\000L\000L\0002\116\016\000L\000z\166\204\162\151\164\006\230\204\212\000\166\204\213\241\173\227}{section.3}% 23
\BOOKMARK [3][-]{subsubsection.3.2.1}{\376\377\146\156\220\115\121\154\137\017}{subsection.3.2}% 24
\BOOKMARK [3][-]{subsubsection.3.2.2}{\376\377\162\171\153\212\140\305\121\265}{subsection.3.2}% 25
