This is pdfTeX, Version 3.141592653-2.6-1.40.25 (TeX Live 2023) (preloaded format=pdflatex 2024.2.20)  20 FEB 2024 15:43
entering extended mode
 restricted \write18 enabled.
 %&-line parsing enabled.
**Hartree-Fock.tex
(./Hartree-Fock.tex
LaTeX2e <2022-11-01> patch level 1
L3 programming layer <2023-02-22>
(c:/texlive/2023/texmf-dist/tex/latex/base/article.cls
Document Class: article 2022/07/02 v1.4n Standard LaTeX document class
(c:/texlive/2023/texmf-dist/tex/latex/base/size10.clo
File: size10.clo 2022/07/02 v1.4n Standard LaTeX file (size option)
)
\c@part=\count185
\c@section=\count186
\c@subsection=\count187
\c@subsubsection=\count188
\c@paragraph=\count189
\c@subparagraph=\count190
\c@figure=\count191
\c@table=\count192
\abovecaptionskip=\skip48
\belowcaptionskip=\skip49
\bibindent=\dimen140
)
(c:/texlive/2023/texmf-dist/tex/latex/ctex/ctex.sty
(c:/texlive/2023/texmf-dist/tex/latex/l3kernel/expl3.sty
Package: expl3 2023-02-22 L3 programming layer (loader) 

(c:/texlive/2023/texmf-dist/tex/latex/l3backend/l3backend-pdftex.def
File: l3backend-pdftex.def 2023-01-16 L3 backend support: PDF output (pdfTeX)
\l__color_backend_stack_int=\count193
\l__pdf_internal_box=\box51
))
Package: ctex 2022/07/14 v2.5.10 Chinese adapter in LaTeX (CTEX)

(c:/texlive/2023/texmf-dist/tex/latex/ctex/ctexhook.sty
Package: ctexhook 2022/07/14 v2.5.10 Document and package hooks (CTEX)
)
(c:/texlive/2023/texmf-dist/tex/latex/ctex/ctexpatch.sty
Package: ctexpatch 2022/07/14 v2.5.10 Patching commands (CTEX)
)
(c:/texlive/2023/texmf-dist/tex/latex/base/fix-cm.sty
Package: fix-cm 2020/11/24 v1.1t fixes to LaTeX

(c:/texlive/2023/texmf-dist/tex/latex/base/ts1enc.def
File: ts1enc.def 2001/06/05 v3.0e (jk/car/fm) Standard LaTeX file
LaTeX Font Info:    Redeclaring font encoding TS1 on input line 47.
))
\l__ctex_tmp_int=\count194
\l__ctex_tmp_box=\box52
\l__ctex_tmp_dim=\dimen141
\g__ctex_section_depth_int=\count195
\g__ctex_font_size_int=\count196

(c:/texlive/2023/texmf-dist/tex/latex/ctex/config/ctexopts.cfg
File: ctexopts.cfg 2022/07/14 v2.5.10 Option configuration file (CTEX)
)

Package ctex Warning: UTF8 will be used as the default encoding.

(c:/texlive/2023/texmf-dist/tex/latex/ctex/engine/ctex-engine-pdftex.def
File: ctex-engine-pdftex.def 2022/07/14 v2.5.10 (pdf)LaTeX adapter (CTEX)

(c:/texlive/2023/texmf-dist/tex/latex/cjk/texinput/CJKutf8.sty
Package: CJKutf8 2021/10/16 4.8.5

(c:/texlive/2023/texmf-dist/tex/generic/iftex/ifpdf.sty
Package: ifpdf 2019/10/25 v3.4 ifpdf legacy package. Use iftex instead.

(c:/texlive/2023/texmf-dist/tex/generic/iftex/iftex.sty
Package: iftex 2022/02/03 v1.0f TeX engine tests
))
(c:/texlive/2023/texmf-dist/tex/latex/base/inputenc.sty
Package: inputenc 2021/02/14 v1.3d Input encoding file
\inpenc@prehook=\toks16
\inpenc@posthook=\toks17
)
(c:/texlive/2023/texmf-dist/tex/latex/cjk/texinput/CJK.sty
Package: CJK 2021/10/16 4.8.5

(c:/texlive/2023/texmf-dist/tex/latex/cjk/texinput/mule/MULEenc.sty
Package: MULEenc 2021/10/16 4.8.5
)
(c:/texlive/2023/texmf-dist/tex/latex/cjk/texinput/CJK.enc
File: CJK.enc 2021/10/16 4.8.5
Now handling font encoding C00 ...
... no UTF-8 mapping file for font encoding C00
Now handling font encoding C05 ...
... no UTF-8 mapping file for font encoding C05
Now handling font encoding C09 ...
... no UTF-8 mapping file for font encoding C09
Now handling font encoding C10 ...
... no UTF-8 mapping file for font encoding C10
Now handling font encoding C20 ...
... no UTF-8 mapping file for font encoding C20
Now handling font encoding C19 ...
... no UTF-8 mapping file for font encoding C19
Now handling font encoding C40 ...
... no UTF-8 mapping file for font encoding C40
Now handling font encoding C42 ...
... no UTF-8 mapping file for font encoding C42
Now handling font encoding C43 ...
... no UTF-8 mapping file for font encoding C43
Now handling font encoding C50 ...
... no UTF-8 mapping file for font encoding C50
Now handling font encoding C52 ...
... no UTF-8 mapping file for font encoding C52
Now handling font encoding C49 ...
... no UTF-8 mapping file for font encoding C49
Now handling font encoding C60 ...
... no UTF-8 mapping file for font encoding C60
Now handling font encoding C61 ...
... no UTF-8 mapping file for font encoding C61
Now handling font encoding C63 ...
... no UTF-8 mapping file for font encoding C63
Now handling font encoding C64 ...
... no UTF-8 mapping file for font encoding C64
Now handling font encoding C65 ...
... no UTF-8 mapping file for font encoding C65
Now handling font encoding C70 ...
... no UTF-8 mapping file for font encoding C70
Now handling font encoding C31 ...
... no UTF-8 mapping file for font encoding C31
Now handling font encoding C32 ...
... no UTF-8 mapping file for font encoding C32
Now handling font encoding C33 ...
... no UTF-8 mapping file for font encoding C33
Now handling font encoding C34 ...
... no UTF-8 mapping file for font encoding C34
Now handling font encoding C35 ...
... no UTF-8 mapping file for font encoding C35
Now handling font encoding C36 ...
... no UTF-8 mapping file for font encoding C36
Now handling font encoding C37 ...
... no UTF-8 mapping file for font encoding C37
Now handling font encoding C80 ...
... no UTF-8 mapping file for font encoding C80
Now handling font encoding C81 ...
... no UTF-8 mapping file for font encoding C81
Now handling font encoding C01 ...
... no UTF-8 mapping file for font encoding C01
Now handling font encoding C11 ...
... no UTF-8 mapping file for font encoding C11
Now handling font encoding C21 ...
... no UTF-8 mapping file for font encoding C21
Now handling font encoding C41 ...
... no UTF-8 mapping file for font encoding C41
Now handling font encoding C62 ...
... no UTF-8 mapping file for font encoding C62
)
\CJK@indent=\box53
)
(c:/texlive/2023/texmf-dist/tex/latex/base/fontenc.sty
Package: fontenc 2021/04/29 v2.0v Standard LaTeX package
))
(c:/texlive/2023/texmf-dist/tex/latex/cjkpunct/CJKpunct.sty
Package: CJKpunct 2016/05/14 4.8.4
\CJKpunct@cnta=\count197
\CJKpunct@cntb=\count198
\CJKpunct@cntc=\count199
\CJKpunct@cntd=\count266
\CJKpunct@cnte=\count267
   defining Unicode char U+2018 (decimal 8216)
   defining Unicode char U+2019 (decimal 8217)
   defining Unicode char U+201C (decimal 8220)
   defining Unicode char U+201D (decimal 8221)
   defining Unicode char U+2014 (decimal 8212)
   defining Unicode char U+2026 (decimal 8230)

(c:/texlive/2023/texmf-dist/tex/latex/cjkpunct/CJKpunct.spa))
(c:/texlive/2023/texmf-dist/tex/latex/cjk/texinput/CJKspace.sty
Package: CJKspace 2021/10/16 3.8.0
)
(c:/texlive/2023/texmf-dist/tex/latex/cjk/texinput/UTF8/UTF8.bdg
File: UTF8.bdg 2021/10/16 4.8.5
)
(c:/texlive/2023/texmf-dist/tex/latex/ctex/ctexspa.def
File: ctexspa.def 2022/07/14 v2.5.10 Space info for CJKpunct (CTEX)
)
\ccwd=\dimen142
\l__ctex_ccglue_skip=\skip50
)
\l__ctex_ziju_dim=\dimen143

(c:/texlive/2023/texmf-dist/tex/latex/zhnumber/zhnumber.sty
Package: zhnumber 2022/07/14 v3.0 Typesetting numbers with Chinese glyphs
\l__zhnum_scale_int=\count268
\l__zhnum_tmp_int=\count269

(c:/texlive/2023/texmf-dist/tex/latex/zhnumber/zhnumber-utf8.cfg
File: zhnumber-utf8.cfg 2022/07/14 v3.0 Chinese numerals with UTF8 encoding
))
(c:/texlive/2023/texmf-dist/tex/latex/ctex/scheme/ctex-scheme-chinese.def
File: ctex-scheme-chinese.def 2022/07/14 v2.5.10 Chinese scheme for generic (CT
EX)

(c:/texlive/2023/texmf-dist/tex/latex/ctex/config/ctex-name-utf8.cfg
File: ctex-name-utf8.cfg 2022/07/14 v2.5.10 Caption with encoding UTF-8 (CTEX)
))
(c:/texlive/2023/texmf-dist/tex/latex/tools/indentfirst.sty
Package: indentfirst 1995/11/23 v1.03 Indent first paragraph (DPC)
)
(c:/texlive/2023/texmf-dist/tex/latex/ctex/ctex-c5size.clo
File: ctex-c5size.clo 2022/07/14 v2.5.10 c5size option (CTEX)
)
(c:/texlive/2023/texmf-dist/tex/latex/ctex/fontset/ctex-fontset-windows.def
File: ctex-fontset-windows.def 2022/07/14 v2.5.10 Windows fonts definition (CTE
X)
))
(c:/texlive/2023/texmf-dist/tex/latex/ctex/config/ctex.cfg
File: ctex.cfg 2022/07/14 v2.5.10 Configuration file (CTEX)
)
(c:/texlive/2023/texmf-dist/tex/latex/hyperref/hyperref.sty
Package: hyperref 2023-02-07 v7.00v Hypertext links for LaTeX

(c:/texlive/2023/texmf-dist/tex/generic/ltxcmds/ltxcmds.sty
Package: ltxcmds 2020-05-10 v1.25 LaTeX kernel commands for general use (HO)
)
(c:/texlive/2023/texmf-dist/tex/generic/pdftexcmds/pdftexcmds.sty
Package: pdftexcmds 2020-06-27 v0.33 Utility functions of pdfTeX for LuaTeX (HO
)

(c:/texlive/2023/texmf-dist/tex/generic/infwarerr/infwarerr.sty
Package: infwarerr 2019/12/03 v1.5 Providing info/warning/error messages (HO)
)
Package pdftexcmds Info: \pdf@primitive is available.
Package pdftexcmds Info: \pdf@ifprimitive is available.
Package pdftexcmds Info: \pdfdraftmode found.
)
(c:/texlive/2023/texmf-dist/tex/latex/graphics/keyval.sty
Package: keyval 2022/05/29 v1.15 key=value parser (DPC)
\KV@toks@=\toks18
)
(c:/texlive/2023/texmf-dist/tex/latex/kvsetkeys/kvsetkeys.sty
Package: kvsetkeys 2022-10-05 v1.19 Key value parser (HO)
)
(c:/texlive/2023/texmf-dist/tex/generic/kvdefinekeys/kvdefinekeys.sty
Package: kvdefinekeys 2019-12-19 v1.6 Define keys (HO)
)
(c:/texlive/2023/texmf-dist/tex/generic/pdfescape/pdfescape.sty
Package: pdfescape 2019/12/09 v1.15 Implements pdfTeX's escape features (HO)
)
(c:/texlive/2023/texmf-dist/tex/latex/hycolor/hycolor.sty
Package: hycolor 2020-01-27 v1.10 Color options for hyperref/bookmark (HO)
)
(c:/texlive/2023/texmf-dist/tex/latex/letltxmacro/letltxmacro.sty
Package: letltxmacro 2019/12/03 v1.6 Let assignment for LaTeX macros (HO)
)
(c:/texlive/2023/texmf-dist/tex/latex/auxhook/auxhook.sty
Package: auxhook 2019-12-17 v1.6 Hooks for auxiliary files (HO)
)
(c:/texlive/2023/texmf-dist/tex/latex/hyperref/nameref.sty
Package: nameref 2022-05-17 v2.50 Cross-referencing by name of section

(c:/texlive/2023/texmf-dist/tex/latex/refcount/refcount.sty
Package: refcount 2019/12/15 v3.6 Data extraction from label references (HO)
)
(c:/texlive/2023/texmf-dist/tex/generic/gettitlestring/gettitlestring.sty
Package: gettitlestring 2019/12/15 v1.6 Cleanup title references (HO)

(c:/texlive/2023/texmf-dist/tex/latex/kvoptions/kvoptions.sty
Package: kvoptions 2022-06-15 v3.15 Key value format for package options (HO)
))
\c@section@level=\count270
)
\@linkdim=\dimen144
\Hy@linkcounter=\count271
\Hy@pagecounter=\count272

(c:/texlive/2023/texmf-dist/tex/latex/hyperref/pd1enc.def
File: pd1enc.def 2023-02-07 v7.00v Hyperref: PDFDocEncoding definition (HO)
Now handling font encoding PD1 ...
... no UTF-8 mapping file for font encoding PD1
)
(c:/texlive/2023/texmf-dist/tex/generic/intcalc/intcalc.sty
Package: intcalc 2019/12/15 v1.3 Expandable calculations with integers (HO)
)
(c:/texlive/2023/texmf-dist/tex/generic/etexcmds/etexcmds.sty
Package: etexcmds 2019/12/15 v1.7 Avoid name clashes with e-TeX commands (HO)
)
\Hy@SavedSpaceFactor=\count273

(c:/texlive/2023/texmf-dist/tex/latex/hyperref/puenc.def
File: puenc.def 2023-02-07 v7.00v Hyperref: PDF Unicode definition (HO)
Now handling font encoding PU ...
... no UTF-8 mapping file for font encoding PU
)
Package hyperref Info: Option `unicode' set `true' on input line 4060.
Package hyperref Info: Hyper figures OFF on input line 4177.
Package hyperref Info: Link nesting OFF on input line 4182.
Package hyperref Info: Hyper index ON on input line 4185.
Package hyperref Info: Plain pages OFF on input line 4192.
Package hyperref Info: Backreferencing OFF on input line 4197.
Package hyperref Info: Implicit mode ON; LaTeX internals redefined.
Package hyperref Info: Bookmarks ON on input line 4425.
\c@Hy@tempcnt=\count274

(c:/texlive/2023/texmf-dist/tex/latex/url/url.sty
\Urlmuskip=\muskip16
Package: url 2013/09/16  ver 3.4  Verb mode for urls, etc.
)
LaTeX Info: Redefining \url on input line 4763.
\XeTeXLinkMargin=\dimen145

(c:/texlive/2023/texmf-dist/tex/generic/bitset/bitset.sty
Package: bitset 2019/12/09 v1.3 Handle bit-vector datatype (HO)

(c:/texlive/2023/texmf-dist/tex/generic/bigintcalc/bigintcalc.sty
Package: bigintcalc 2019/12/15 v1.5 Expandable calculations on big integers (HO
)
))
\Fld@menulength=\count275
\Field@Width=\dimen146
\Fld@charsize=\dimen147
Package hyperref Info: Hyper figures OFF on input line 6042.
Package hyperref Info: Link nesting OFF on input line 6047.
Package hyperref Info: Hyper index ON on input line 6050.
Package hyperref Info: backreferencing OFF on input line 6057.
Package hyperref Info: Link coloring OFF on input line 6062.
Package hyperref Info: Link coloring with OCG OFF on input line 6067.
Package hyperref Info: PDF/A mode OFF on input line 6072.

(c:/texlive/2023/texmf-dist/tex/latex/base/atbegshi-ltx.sty
Package: atbegshi-ltx 2021/01/10 v1.0c Emulation of the original atbegshi
package with kernel methods
)
\Hy@abspage=\count276
\c@Item=\count277
\c@Hfootnote=\count278
)
Package hyperref Info: Driver (autodetected): hpdftex.

(c:/texlive/2023/texmf-dist/tex/latex/hyperref/hpdftex.def
File: hpdftex.def 2023-02-07 v7.00v Hyperref driver for pdfTeX

(c:/texlive/2023/texmf-dist/tex/latex/base/atveryend-ltx.sty
Package: atveryend-ltx 2020/08/19 v1.0a Emulation of the original atveryend pac
kage
with kernel methods
)
\Fld@listcount=\count279
\c@bookmark@seq@number=\count280

(c:/texlive/2023/texmf-dist/tex/latex/rerunfilecheck/rerunfilecheck.sty
Package: rerunfilecheck 2022-07-10 v1.10 Rerun checks for auxiliary files (HO)

(c:/texlive/2023/texmf-dist/tex/generic/uniquecounter/uniquecounter.sty
Package: uniquecounter 2019/12/15 v1.4 Provide unlimited unique counter (HO)
)
Package uniquecounter Info: New unique counter `rerunfilecheck' on input line 2
85.
)
\Hy@SectionHShift=\skip51
)
(c:/texlive/2023/texmf-dist/tex/latex/amsmath/amsmath.sty
Package: amsmath 2022/04/08 v2.17n AMS math features
\@mathmargin=\skip52

For additional information on amsmath, use the `?' option.
(c:/texlive/2023/texmf-dist/tex/latex/amsmath/amstext.sty
Package: amstext 2021/08/26 v2.01 AMS text

(c:/texlive/2023/texmf-dist/tex/latex/amsmath/amsgen.sty
File: amsgen.sty 1999/11/30 v2.0 generic functions
\@emptytoks=\toks19
\ex@=\dimen148
))
(c:/texlive/2023/texmf-dist/tex/latex/amsmath/amsbsy.sty
Package: amsbsy 1999/11/29 v1.2d Bold Symbols
\pmbraise@=\dimen149
)
(c:/texlive/2023/texmf-dist/tex/latex/amsmath/amsopn.sty
Package: amsopn 2022/04/08 v2.04 operator names
)
\inf@bad=\count281
LaTeX Info: Redefining \frac on input line 234.
\uproot@=\count282
\leftroot@=\count283
LaTeX Info: Redefining \overline on input line 399.
LaTeX Info: Redefining \colon on input line 410.
\classnum@=\count284
\DOTSCASE@=\count285
LaTeX Info: Redefining \ldots on input line 496.
LaTeX Info: Redefining \dots on input line 499.
LaTeX Info: Redefining \cdots on input line 620.
\Mathstrutbox@=\box54
\strutbox@=\box55
LaTeX Info: Redefining \big on input line 722.
LaTeX Info: Redefining \Big on input line 723.
LaTeX Info: Redefining \bigg on input line 724.
LaTeX Info: Redefining \Bigg on input line 725.
\big@size=\dimen150
LaTeX Font Info:    Redeclaring font encoding OML on input line 743.
LaTeX Font Info:    Redeclaring font encoding OMS on input line 744.
\macc@depth=\count286
LaTeX Info: Redefining \bmod on input line 905.
LaTeX Info: Redefining \pmod on input line 910.
LaTeX Info: Redefining \smash on input line 940.
LaTeX Info: Redefining \relbar on input line 970.
LaTeX Info: Redefining \Relbar on input line 971.
\c@MaxMatrixCols=\count287
\dotsspace@=\muskip17
\c@parentequation=\count288
\dspbrk@lvl=\count289
\tag@help=\toks20
\row@=\count290
\column@=\count291
\maxfields@=\count292
\andhelp@=\toks21
\eqnshift@=\dimen151
\alignsep@=\dimen152
\tagshift@=\dimen153
\tagwidth@=\dimen154
\totwidth@=\dimen155
\lineht@=\dimen156
\@envbody=\toks22
\multlinegap=\skip53
\multlinetaggap=\skip54
\mathdisplay@stack=\toks23
LaTeX Info: Redefining \[ on input line 2953.
LaTeX Info: Redefining \] on input line 2954.
)
(c:/texlive/2023/texmf-dist/tex/latex/amsfonts/amssymb.sty
Package: amssymb 2013/01/14 v3.01 AMS font symbols

(c:/texlive/2023/texmf-dist/tex/latex/amsfonts/amsfonts.sty
Package: amsfonts 2013/01/14 v3.01 Basic AMSFonts support
\symAMSa=\mathgroup4
\symAMSb=\mathgroup5
LaTeX Font Info:    Redeclaring math symbol \hbar on input line 98.
LaTeX Font Info:    Overwriting math alphabet `\mathfrak' in version `bold'
(Font)                  U/euf/m/n --> U/euf/b/n on input line 106.
))
(c:/texlive/2023/texmf-dist/tex/latex/amscls/amsthm.sty
Package: amsthm 2020/05/29 v2.20.6
\thm@style=\toks24
\thm@bodyfont=\toks25
\thm@headfont=\toks26
\thm@notefont=\toks27
\thm@headpunct=\toks28
\thm@preskip=\skip55
\thm@postskip=\skip56
\thm@headsep=\skip57
\dth@everypar=\toks29
)
(c:/texlive/2023/texmf-dist/tex/latex/jknapltx/mathrsfs.sty
Package: mathrsfs 1996/01/01 Math RSFS package v1.0 (jk)
\symrsfs=\mathgroup6
)
(c:/texlive/2023/texmf-dist/tex/latex/setspace/setspace.sty
Package: setspace 2022/12/04 v6.7b set line spacing
)
(c:/texlive/2023/texmf-dist/tex/latex/lipsum/lipsum.sty
(c:/texlive/2023/texmf-dist/tex/latex/l3packages/l3keys2e/l3keys2e.sty
Package: l3keys2e 2023-02-02 LaTeX2e option processing using LaTeX3 keys
)
Package: lipsum 2021-09-20 v2.7 150 paragraphs of Lorem Ipsum dummy text
\g__lipsum_par_int=\count293
\l__lipsum_a_int=\count294
\l__lipsum_b_int=\count295

(c:/texlive/2023/texmf-dist/tex/latex/lipsum/lipsum.ltd.tex))
(c:/texlive/2023/texmf-dist/tex/latex/graphics/graphicx.sty
Package: graphicx 2021/09/16 v1.2d Enhanced LaTeX Graphics (DPC,SPQR)

(c:/texlive/2023/texmf-dist/tex/latex/graphics/graphics.sty
Package: graphics 2022/03/10 v1.4e Standard LaTeX Graphics (DPC,SPQR)

(c:/texlive/2023/texmf-dist/tex/latex/graphics/trig.sty
Package: trig 2021/08/11 v1.11 sin cos tan (DPC)
)
(c:/texlive/2023/texmf-dist/tex/latex/graphics-cfg/graphics.cfg
File: graphics.cfg 2016/06/04 v1.11 sample graphics configuration
)
Package graphics Info: Driver file: pdftex.def on input line 107.

(c:/texlive/2023/texmf-dist/tex/latex/graphics-def/pdftex.def
File: pdftex.def 2022/09/22 v1.2b Graphics/color driver for pdftex
))
\Gin@req@height=\dimen157
\Gin@req@width=\dimen158
)
(c:/texlive/2023/texmf-dist/tex/latex/subfigure/subfigure.sty
Package: subfigure 2002/03/15 v2.1.5 subfigure package
\subfigtopskip=\skip58
\subfigcapskip=\skip59
\subfigcaptopadj=\dimen159
\subfigbottomskip=\skip60
\subfigcapmargin=\dimen160
\subfiglabelskip=\skip61
\c@subfigure=\count296
\c@lofdepth=\count297
\c@subtable=\count298
\c@lotdepth=\count299

****************************************
* Local config file subfigure.cfg used *
****************************************
(c:/texlive/2023/texmf-dist/tex/latex/subfigure/subfigure.cfg)
\subfig@top=\skip62
\subfig@bottom=\skip63
)
(c:/texlive/2023/texmf-dist/tex/latex/float/float.sty
Package: float 2001/11/08 v1.3d Float enhancements (AL)
\c@float@type=\count300
\float@exts=\toks30
\float@box=\box56
\@float@everytoks=\toks31
\@floatcapt=\box57
)
(c:/texlive/2023/texmf-dist/tex/latex/adjustbox/adjustbox.sty
Package: adjustbox 2022/10/17 v1.3a Adjusting TeX boxes (trim, clip, ...)

(c:/texlive/2023/texmf-dist/tex/latex/xkeyval/xkeyval.sty
Package: xkeyval 2022/06/16 v2.9 package option processing (HA)

(c:/texlive/2023/texmf-dist/tex/generic/xkeyval/xkeyval.tex
(c:/texlive/2023/texmf-dist/tex/generic/xkeyval/xkvutils.tex
\XKV@toks=\toks32
\XKV@tempa@toks=\toks33
)
\XKV@depth=\count301
File: xkeyval.tex 2014/12/03 v2.7a key=value parser (HA)
))
(c:/texlive/2023/texmf-dist/tex/latex/adjustbox/adjcalc.sty
Package: adjcalc 2012/05/16 v1.1 Provides advanced setlength with multiple back
-ends (calc, etex, pgfmath)
)
(c:/texlive/2023/texmf-dist/tex/latex/adjustbox/trimclip.sty
Package: trimclip 2020/08/19 v1.2 Trim and clip general TeX material

(c:/texlive/2023/texmf-dist/tex/latex/collectbox/collectbox.sty
Package: collectbox 2022/10/17 v0.4c Collect macro arguments as boxes
\collectedbox=\box58
)
\tc@llx=\dimen161
\tc@lly=\dimen162
\tc@urx=\dimen163
\tc@ury=\dimen164
Package trimclip Info: Using driver 'tc-pdftex.def'.

(c:/texlive/2023/texmf-dist/tex/latex/adjustbox/tc-pdftex.def
File: tc-pdftex.def 2019/01/04 v2.2 Clipping driver for pdftex
))
\adjbox@Width=\dimen165
\adjbox@Height=\dimen166
\adjbox@Depth=\dimen167
\adjbox@Totalheight=\dimen168
\adjbox@pwidth=\dimen169
\adjbox@pheight=\dimen170
\adjbox@pdepth=\dimen171
\adjbox@ptotalheight=\dimen172

(c:/texlive/2023/texmf-dist/tex/latex/ifoddpage/ifoddpage.sty
Package: ifoddpage 2022/10/18 v1.2 Conditionals for odd/even page detection
\c@checkoddpage=\count302
)
(c:/texlive/2023/texmf-dist/tex/latex/varwidth/varwidth.sty
Package: varwidth 2009/03/30 ver 0.92;  Variable-width minipages
\@vwid@box=\box59
\sift@deathcycles=\count303
\@vwid@loff=\dimen173
\@vwid@roff=\dimen174
))
(c:/texlive/2023/texmf-dist/tex/latex/extarrows/extarrows.sty
Package: extarrows 2020/03/12 v1.2.0 Some extensible arrows
)
(c:/texlive/2023/texmf-dist/tex/latex/cjk/texinput/UTF8/UTF8.enc
File: UTF8.enc 2021/10/16 4.8.5
)
(c:/texlive/2023/texmf-dist/tex/latex/cjk/texinput/UTF8/UTF8.chr
File: UTF8.chr 2021/10/16 4.8.5
)
(./Hartree-Fock.aux)
\openout1 = `Hartree-Fock.aux'.

LaTeX Font Info:    Checking defaults for OML/cmm/m/it on input line 19.
LaTeX Font Info:    ... okay on input line 19.
LaTeX Font Info:    Checking defaults for OMS/cmsy/m/n on input line 19.
LaTeX Font Info:    ... okay on input line 19.
LaTeX Font Info:    Checking defaults for OT1/cmr/m/n on input line 19.
LaTeX Font Info:    ... okay on input line 19.
LaTeX Font Info:    Checking defaults for T1/cmr/m/n on input line 19.
LaTeX Font Info:    ... okay on input line 19.
LaTeX Font Info:    Checking defaults for TS1/cmr/m/n on input line 19.
LaTeX Font Info:    ... okay on input line 19.
LaTeX Font Info:    Checking defaults for OMX/cmex/m/n on input line 19.
LaTeX Font Info:    ... okay on input line 19.
LaTeX Font Info:    Checking defaults for U/cmr/m/n on input line 19.
LaTeX Font Info:    ... okay on input line 19.
LaTeX Font Info:    Checking defaults for C00/song/m/n on input line 19.
LaTeX Font Info:    ... okay on input line 19.
LaTeX Font Info:    Checking defaults for C05/song/m/n on input line 19.
LaTeX Font Info:    ... okay on input line 19.
LaTeX Font Info:    Checking defaults for C09/song/m/n on input line 19.
LaTeX Font Info:    ... okay on input line 19.
LaTeX Font Info:    Checking defaults for C10/song/m/n on input line 19.
LaTeX Font Info:    ... okay on input line 19.
LaTeX Font Info:    Checking defaults for C20/song/m/n on input line 19.
LaTeX Font Info:    ... okay on input line 19.
LaTeX Font Info:    Checking defaults for C19/song/m/n on input line 19.
LaTeX Font Info:    ... okay on input line 19.
LaTeX Font Info:    Checking defaults for C40/song/m/n on input line 19.
LaTeX Font Info:    ... okay on input line 19.
LaTeX Font Info:    Checking defaults for C42/song/m/n on input line 19.
LaTeX Font Info:    ... okay on input line 19.
LaTeX Font Info:    Checking defaults for C43/song/m/n on input line 19.
LaTeX Font Info:    ... okay on input line 19.
LaTeX Font Info:    Checking defaults for C50/song/m/n on input line 19.
LaTeX Font Info:    ... okay on input line 19.
LaTeX Font Info:    Checking defaults for C52/song/m/n on input line 19.
LaTeX Font Info:    ... okay on input line 19.
LaTeX Font Info:    Checking defaults for C49/song/m/n on input line 19.
LaTeX Font Info:    ... okay on input line 19.
LaTeX Font Info:    Checking defaults for C60/mj/m/n on input line 19.
LaTeX Font Info:    ... okay on input line 19.
LaTeX Font Info:    Checking defaults for C61/mj/m/n on input line 19.
LaTeX Font Info:    ... okay on input line 19.
LaTeX Font Info:    Checking defaults for C63/mj/m/n on input line 19.
LaTeX Font Info:    ... okay on input line 19.
LaTeX Font Info:    Checking defaults for C64/mj/m/n on input line 19.
LaTeX Font Info:    ... okay on input line 19.
LaTeX Font Info:    Checking defaults for C65/mj/m/n on input line 19.
LaTeX Font Info:    ... okay on input line 19.
LaTeX Font Info:    Checking defaults for C70/song/m/n on input line 19.
LaTeX Font Info:    ... okay on input line 19.
LaTeX Font Info:    Checking defaults for C31/song/m/n on input line 19.
LaTeX Font Info:    ... okay on input line 19.
LaTeX Font Info:    Checking defaults for C32/song/m/n on input line 19.
LaTeX Font Info:    ... okay on input line 19.
LaTeX Font Info:    Checking defaults for C33/song/m/n on input line 19.
LaTeX Font Info:    ... okay on input line 19.
LaTeX Font Info:    Checking defaults for C34/song/m/n on input line 19.
LaTeX Font Info:    ... okay on input line 19.
LaTeX Font Info:    Checking defaults for C35/song/m/n on input line 19.
LaTeX Font Info:    ... okay on input line 19.
LaTeX Font Info:    Checking defaults for C36/song/m/n on input line 19.
LaTeX Font Info:    ... okay on input line 19.
LaTeX Font Info:    Checking defaults for C37/song/m/n on input line 19.
LaTeX Font Info:    ... okay on input line 19.
LaTeX Font Info:    Checking defaults for C80/song/m/n on input line 19.
LaTeX Font Info:    ... okay on input line 19.
LaTeX Font Info:    Checking defaults for C81/song/m/n on input line 19.
LaTeX Font Info:    ... okay on input line 19.
LaTeX Font Info:    Checking defaults for C01/song/m/n on input line 19.
LaTeX Font Info:    ... okay on input line 19.
LaTeX Font Info:    Checking defaults for C11/song/m/n on input line 19.
LaTeX Font Info:    ... okay on input line 19.
LaTeX Font Info:    Checking defaults for C21/song/m/n on input line 19.
LaTeX Font Info:    ... okay on input line 19.
LaTeX Font Info:    Checking defaults for C41/song/m/n on input line 19.
LaTeX Font Info:    ... okay on input line 19.
LaTeX Font Info:    Checking defaults for C62/song/m/n on input line 19.
LaTeX Font Info:    ... okay on input line 19.
LaTeX Font Info:    Checking defaults for PD1/pdf/m/n on input line 19.
LaTeX Font Info:    ... okay on input line 19.
LaTeX Font Info:    Checking defaults for PU/pdf/m/n on input line 19.
LaTeX Font Info:    ... okay on input line 19.
Package hyperref Info: Link coloring OFF on input line 19.
 (./Hartree-Fock.out) (./Hartree-Fock.out)
\@outlinefile=\write3
\openout3 = `Hartree-Fock.out'.


(c:/texlive/2023/texmf-dist/tex/context/base/mkii/supp-pdf.mkii
[Loading MPS to PDF converter (version 2006.09.02).]
\scratchcounter=\count304
\scratchdimen=\dimen175
\scratchbox=\box60
\nofMPsegments=\count305
\nofMParguments=\count306
\everyMPshowfont=\toks34
\MPscratchCnt=\count307
\MPscratchDim=\dimen176
\MPnumerator=\count308
\makeMPintoPDFobject=\count309
\everyMPtoPDFconversion=\toks35
) (c:/texlive/2023/texmf-dist/tex/latex/epstopdf-pkg/epstopdf-base.sty
Package: epstopdf-base 2020-01-24 v2.11 Base part for package epstopdf
Package epstopdf-base Info: Redefining graphics rule for `.eps' on input line 4
85.

(c:/texlive/2023/texmf-dist/tex/latex/latexconfig/epstopdf-sys.cfg
File: epstopdf-sys.cfg 2010/07/13 v1.3 Configuration of (r)epstopdf for TeX Liv
e
))
LaTeX Font Info:    Trying to load font information for C70+rm on input line 22
.

(c:/texlive/2023/texmf-dist/tex/latex/ctex/fd/c70rm.fd
File: c70rm.fd 2022/07/14 v2.5.10 Chinese font definition (CTEX)
)
LaTeX Font Info:    Trying to load font information for U+msa on input line 22.


(c:/texlive/2023/texmf-dist/tex/latex/amsfonts/umsa.fd
File: umsa.fd 2013/01/14 v3.01 AMS symbols A
)
LaTeX Font Info:    Trying to load font information for U+msb on input line 22.


(c:/texlive/2023/texmf-dist/tex/latex/amsfonts/umsb.fd
File: umsb.fd 2013/01/14 v3.01 AMS symbols B
)
LaTeX Font Info:    Trying to load font information for U+rsfs on input line 22
.

(c:/texlive/2023/texmf-dist/tex/latex/jknapltx/ursfs.fd
File: ursfs.fd 1998/03/24 rsfs font definition file (jk)
)
Package CJKpunct Info: use punctuation spaces for family 'rm' with punctstyle (
quanjiao) on input line 24.


LaTeX Font Warning: Font shape `U/rsfs/m/n' in size <10.53937> not available
(Font)              size <10.95> substituted on input line 24.

(c:/texlive/2023/texmf-dist/tex/generic/ctex/zhmap/ctex-zhmap-windows.tex
File: ctex-zhmap-windows.tex 2022/07/14 v2.5.10 Windows font map loader for pdf
TeX and DVIPDFMx (CTEX)
{c:/texlive/2023/texmf-var/fonts/map/pdftex/updmap/pdftex.map}{UGBK.sfd}{Unicod
e.sfd}) [1

]
Overfull \hbox (16.52614pt too wide) in paragraph at lines 61--62
[]\C70/rm/m/n/10.53937/7e Ÿ \C70/rm/m/n/10.53937/5b ö \C70/rm/m/n/10.53937/4e ^
^@ * \C70/rm/m/n/10.53937/53 U \C70/rm/m/n/10.53937/88 L \C70/rm/m/n/10.53937/5
2 ^^W \C70/rm/m/n/10.53937/5f ^^O$\OMS/cmsy/m/n/10.53937 j\OT1/cmr/m/n/10.53937
 	[]\OMS/cmsy/m/n/10.53937 i \OT1/cmr/m/n/10.53937 = \OMS/cmsy/m/n/10.53937 j\O
ML/cmm/m/it/10.53937 ^^_[]^^_[] [] ^^_[]^^_[] [] ^^_[]\OMS/cmsy/m/n/10.53937 i$
|\C70/rm/m/n/10.53937/ff ^^L| \C70/rm/m/n/10.53937/80 ˝ \C70/rm/m/n/10.53937/91
 œ \C70/rm/m/n/10.53937/4e :$\OML/cmm/m/it/10.53937 E[] \OT1/cmr/m/n/10.53937 =
 []$|\C70/rm/m/n/10.53937/ff ^^L|
 []


Overfull \hbox (1.16194pt too wide) in paragraph at lines 61--62
\C70/rm/m/n/10.53937/4e : \C70/rm/m/n/10.53937/63 ® \C70/rm/m/n/10.53937/5b ¸\O
T1/cmr/m/n/10.53937 Hartree-Fock\C70/rm/m/n/10.53937/65 π \C70/rm/m/n/10.53937/
7a |\C70/rm/m/n/10.53937/ff ^^L| \C70/rm/m/n/10.53937/62 ^^Q \C70/rm/m/n/10.53
937/4e Ï \C70/rm/m/n/10.53937/97 ^^@ \C70/rm/m/n/10.53937/89 Å \C70/rm/m/n/10.5
3937/67 ^^@ \C70/rm/m/n/10.53937/5c ^^O \C70/rm/m/n/10.53937/53 ^^V$\OML/cmm/m/
it/10.53937 E[] []$\OT1/cmr/m/n/10.53937 (\C70/rm/m/n/10.53937/8f Ÿ \C70/rm/m/n
/10.53937/66 / \C70/rm/m/n/10.53937/4e ^^@ \C70/rm/m/n/10.53937/79 Õ \C70/rm/m/
n/10.53937/6c € \C70/rm/m/n/10.53937/51 ˝ \C70/rm/m/n/10.53937/76 Ñ \C70/rm/m/n
/10.53937/88 h \C70/rm/m/n/10.53937/79 :\OT1/cmr/m/n/10.53937 )|\C70/rm/m/n/10.
53937/30 ^^B|
 []

[2]
Overfull \hbox (8.43758pt too wide) detected at line 112
[]
 []

[3]
Overfull \hbox (5.54082pt too wide) detected at line 116
[][][]\OML/cmm/m/it/10.53937 ^^NE[] \OT1/cmr/m/n/10.53937 = [][\OML/cmm/m/it/10
.53937 ^^N^^_[]\OMS/cmsy/m/n/10.53937 j\OML/cmm/m/it/10.53937 h\OMS/cmsy/m/n/10
.53937 j\OML/cmm/m/it/10.53937 ^^_[]\OT1/cmr/m/n/10.53937 ] + [] [][\OML/cmm/m/
it/10.53937 ^^N^^_[]^^_[]\OMS/cmsy/m/n/10.53937 j\OML/cmm/m/it/10.53937 ^^_[]^^
_[]\OT1/cmr/m/n/10.53937 ] \OMS/cmsy/m/n/10.53937 ^^@ \OT1/cmr/m/n/10.53937 [\O
ML/cmm/m/it/10.53937 ^^N^^_[]^^_[]\OMS/cmsy/m/n/10.53937 j\OML/cmm/m/it/10.5393
7 ^^_[]^^_[]\OT1/cmr/m/n/10.53937 ] + []
 []

[4]
Overfull \hbox (20.95528pt too wide) detected at line 170
[]
 []

[5] [6]
Overfull \hbox (52.45554pt too wide) detected at line 235
[]
 []

[7] [8{c:/texlive/2023/texmf-dist/fonts/enc/dvips/cm-super/cm-super-ts1.enc}]
[9]
Overfull \hbox (108.08354pt too wide) detected at line 348
[]
 []

[10]
Overfull \hbox (15.63364pt too wide) detected at line 358
[]
 []


Overfull \hbox (18.24384pt too wide) detected at line 372
[]
 []

[11]
Overfull \hbox (7.07736pt too wide) detected at line 379
[]
 []

[12] [13] [14] [15] [16]
Overfull \hbox (6.4602pt too wide) in paragraph at lines 523--525
\C70/rm/m/n/10.53937/52 0 \C70/rm/m/n/10.53937/8b Â \C70/rm/m/n/10.53937/75 5 \
C70/rm/m/n/10.53937/5b P \C70/rm/m/n/10.53937/76 Ñ \C70/rm/m/n/10.53937/69 Ç \C
70/rm/m/n/10.53937/73 á \C70/rm/m/n/10.53937/5c 1 \C70/rm/m/n/10.53937/66 /$\OM
S/cmsy/m/n/10.53937 j\OML/cmm/m/it/10.53937  []\OT1/cmr/m/n/10.53937 (\OT1/cmr/
bx/n/10.53937 r\OT1/cmr/m/n/10.53937 )\OMS/cmsy/m/n/10.53937 j[]\OT1/cmr/m/n/10
.53937 d\OT1/cmr/bx/n/10.53937 r$|\C70/rm/m/n/10.53937/30 ^^B| \C70/rm/m/n/10.5
3937/8f Ÿ \C70/rm/m/n/10.53937/4e * \C70/rm/m/n/10.53937/69 Ç \C70/rm/m/n/10.53
937/73 á \C70/rm/m/n/10.53937/52 ^^F \C70/rm/m/n/10.53937/5e ^^C \C70/rm/m/n/10
.53937/51 ˝ \C70/rm/m/n/10.53937/65 p \OT1/cmr/m/n/10.53937 (\C70/rm/m/n/10.539
37/75 5 \C70/rm/m/n/10.53937/83 w \C70/rm/m/n/10.53937/5b ∆ \C70/rm/m/n/10.5393
7/5e ¶\OT1/cmr/m/n/10.53937 ) \C70/rm/m/n/10.53937/5c 1 \C70/rm/m/n/10.53937/66
 /$\OMS/cmsy/m/n/10.53937 j\OML/cmm/m/it/10.53937  []\OT1/cmr/m/n/10.53937 (\OT
1/cmr/bx/n/10.53937 r\OT1/cmr/m/n/10.53937 )\OMS/cmsy/m/n/10.53937 j[]$|\C70/rm
/m/n/10.53937/30 ^^B|
 []

[17] [18] [19]
Overfull \hbox (2.73946pt too wide) in paragraph at lines 616--617
\C70/rm/m/n/10.53937/5b É \C70/rm/m/n/10.53937/4e Ï K \C70/rm/m/n/10.53937/95 Ù
 \C70/rm/m/n/10.53937/4e ^^M \C70/rm/m/n/10.53937/6b c \C70/rm/m/n/10.53937/4e 
§|\C70/rm/m/n/10.53937/30 ^^B| \C70/rm/m/n/10.53937/8f Ÿ \C70/rm/m/n/10.53937/5
c 1 \C70/rm/m/n/10.53937/4e ß \C70/rm/m/n/10.53937/75 ^^_ \C70/rm/m/n/10.53937/
4e Ü \OT1/cmr/m/n/10.53937 Roothaan \C70/rm/m/n/10.53937/65 π \C70/rm/m/n/10.53
937/7a  \C70/rm/m/n/10.53937/4e - \C70/rm/m/n/10.53937/76 Ñ \C70/rm/m/n/10.539
37/91 Õ \C70/rm/m/n/10.53937/53 ‡ \C70/rm/m/n/10.53937/77 È \C70/rm/m/n/10.5393
7/96 5|\C70/rm/m/n/10.53937/30 ^^B| \C70/rm/m/n/10.53937/4e : \C70/rm/m/n/10.53
937/5c ^^F \OT1/cmr/m/n/10.53937 Roothaan
 []

[20]
Overfull \hbox (0.59346pt too wide) in paragraph at lines 647--648
[]\C70/rm/m/n/10.53937/4e ^^@ \C70/rm/m/n/10.53937/82 , \C70/rm/m/n/10.53937/75
 ( \C70/rm/m/n/10.53937/52 0 \C70/rm/m/n/10.53937/76 Ñ \C70/rm/m/n/10.53937/57 
˙ \C70/rm/m/n/10.53937/7e ƒ$[]$\C70/rm/m/n/10.53937/6b c \C70/rm/m/n/10.53937/4
e § \C70/rm/m/n/10.53937/53 ^^V \C70/rm/m/n/10.53937/65 π \C70/rm/m/n/10.53937/
68 H \C70/rm/m/n/10.53937/67 	 \C70/rm/m/n/10.53937/4e $ \C70/rm/m/n/10.53937/7
9 Õ|\C70/rm/m/n/10.53937/30 ^^B| \C70/rm/m/n/10.53937/4e ^^@ \C70/rm/m/n/10.539
37/79 Õ \C70/rm/m/n/10.53937/66 / \C70/rm/m/n/10.53937/5b ˘ \C70/rm/m/n/10.5393
7/79  \C70/rm/m/n/10.53937/6b c \C70/rm/m/n/10.53937/4e § \C70/rm/m/n/10.53937
/53 ^^V\OT1/cmr/m/n/10.53937 ,$\OT1/cmr/bx/n/10.53937 X$\C70/rm/m/n/10.53937/5c
 1 \C70/rm/m/n/10.53937/66 /$\OT1/cmr/bx/n/10.53937 S$\C70/rm/m/n/10.53937/76 Ñ

 []

[21] [22]
Overfull \hbox (7.9058pt too wide) in paragraph at lines 705--706
[]\OT1/cmr/m/n/10.53937 1.\C70/rm/m/n/10.53937/78 n \C70/rm/m/n/10.53937/5b ö \
C70/rm/m/n/10.53937/4e ^^@ * \C70/rm/m/n/10.53937/52 ^^F \C70/rm/m/n/10.53937/5
b P \OT1/cmr/m/n/10.53937 (\C70/rm/m/n/10.53937/4e ^^@ \C70/rm/m/n/10.53937/7e 
ƒ \C70/rm/m/n/10.53937/68 8 \C70/rm/m/n/10.53937/57 P \C70/rm/m/n/10.53937/68 ^
^G$[]$\OT1/cmr/m/n/10.53937 , \C70/rm/m/n/10.53937/53 ü \C70/rm/m/n/10.53937/5b
 P \C70/rm/m/n/10.53937/5e è \C70/rm/m/n/10.53937/65 p$\OML/cmm/m/it/10.53937 Z
[]$\OT1/cmr/m/n/10.53937 , \C70/rm/m/n/10.53937/75 5 \C70/rm/m/n/10.53937/5b P 
\C70/rm/m/n/10.53937/65 p \OT1/cmr/m/n/10.53937 N) \C70/rm/m/n/10.53937/54 å \C
70/rm/m/n/10.53937/57 ˙ \C70/rm/m/n/10.53937/7e ƒ$[]$|\C70/rm/m/n/10.53937/30 ^
^B|
 []


Underfull \hbox (badness 10000) in paragraph at lines 705--706

 []


Overfull \hbox (15.44545pt too wide) in paragraph at lines 727--728
\C70/rm/m/n/10.53937/6b œ \C70/rm/m/n/10.53937/4e ^^@ \C70/rm/m/n/10.53937/6b e
 \C70/rm/m/n/10.53937/76 Ñ \C70/rm/m/n/10.53937/60 ; \C70/rm/m/n/10.53937/75 5 
\C70/rm/m/n/10.53937/5b P \C70/rm/m/n/10.53937/80 ˝ \C70/rm/m/n/10.53937/91 œ\O
T1/cmr/m/n/10.53937 ,\C70/rm/m/n/10.53937/89 Å \C70/rm/m/n/10.53937/6c B \C70/r
m/m/n/10.53937/4e $ * \C70/rm/m/n/10.53937/76 ¯ \C70/rm/m/n/10.53937/90 ª \C70/
rm/m/n/10.53937/6b e \C70/rm/m/n/10.53937/9a § \C70/rm/m/n/10.53937/76 Ñ \C70/r
m/m/n/10.53937/50 < \C70/rm/m/n/10.53937/53 Í \C70/rm/m/n/10.53937/5d Ó \C70/rm
/m/n/10.53937/4e ^^@ * \C70/rm/m/n/10.53937/5c ^^O \C70/rm/m/n/10.53937/91 œ$\O
ML/cmm/m/it/10.53937 ^^N$|\C70/rm/m/n/10.53937/30 ^^B| $\OML/cmm/m/it/10.53937 
^^N \OT1/cmr/m/n/10.53937 = 10[]$Hartrees
 []

[23]
Overfull \hbox (9.89125pt too wide) in paragraph at lines 730--732
\C70/rm/m/n/10.53937/5c ^^O \C70/rm/m/n/10.53937/4e é $\OML/cmm/m/it/10.53937 ^
^N$|\C70/rm/m/n/10.53937/30 ^^B| \C70/rm/m/n/10.53937/5c ^^F \C70/rm/m/n/10.539
37/5b ∆ \C70/rm/m/n/10.53937/5e ¶ \C70/rm/m/n/10.53937/77 È \C70/rm/m/n/10.5393
7/96 5 \C70/rm/m/n/10.53937/76 Ñ \C70/rm/m/n/10.53937/8b Ô \C70/rm/m/n/10.53937
/5d Ó \C70/rm/m/n/10.53937/8b æ \C70/rm/m/n/10.53937/4e :$\OML/cmm/m/it/10.5393
7 ^^N \OT1/cmr/m/n/10.53937 = 10[]$\C70/rm/m/n/10.53937/4e ^^@ \C70/rm/m/n/10.5
3937/82 , \C70/rm/m/n/10.53937/4f ^^Z ^^? \C70/rm/m/n/10.53937/80 ˝ \C70/rm/m/n
/10.53937/91 œ \C70/rm/m/n/10.53937/8b Ô \C70/rm/m/n/10.53937/5d Ó \C70/rm/m/n/
10.53937/5c ^^O \C70/rm/m/n/10.53937/4e é$\OT1/cmr/m/n/10.53937 10[]$Hartrees|\
C70/rm/m/n/10.53937/30 ^^B|
 []


Underfull \hbox (badness 10000) in paragraph at lines 730--732

 []


! LaTeX Error: Unknown graphics extension: .bmp.

See the LaTeX manual or LaTeX Companion for explanation.
Type  H <return>  for immediate help.
 ...                                              
                                                  
l.736 	\includegraphics[scale=0.4]{H4.bmp}
                                          
Try typing  <return>  to proceed.
If that doesn't work, type  X <return>  to quit.

<Figures//int.png, id=473, 405.76593pt x 402.00188pt>
File: Figures//int.png Graphic file (type png)
<use Figures//int.png>
Package pdftex.def Info: Figures//int.png  used on input line 743.
(pdftex.def)             Requested size: 284.03421pt x 281.39938pt.
[24
pdfTeX warning (ext4): destination with the same identifier (name{figure.1}) ha
s been already used, duplicate ignored
<argument> ...shipout:D \box_use:N \l_shipout_box 
                                                  \__shipout_drop_firstpage_...
l.747 ‰πã
         Âêé‰∏∫Ëá™Ê¥ΩÂú∫Ëø≠‰ª£ËøáÁ®ã]
<Figures//SCF.png, id=481, 722.7pt x 285.065pt>
File: Figures//SCF.png Graphic file (type png)
<use Figures//SCF.png>
Package pdftex.def Info: Figures//SCF.png  used on input line 750.
(pdftex.def)             Requested size: 361.3491pt x 142.53215pt.

Overfull \hbox (16.3491pt too wide) in paragraph at lines 750--751
 [][] 
 []

<Figures//E.png, id=482, 556.0775pt x 298.11375pt>
File: Figures//E.png Graphic file (type png)
<use Figures//E.png>
Package pdftex.def Info: Figures//E.png  used on input line 757.
(pdftex.def)             Requested size: 333.64908pt x 178.86963pt.
[25
pdfTeX warning (ext4): destination with the same identifier (name{figure.2}) ha
s been already used, duplicate ignored
<argument> ...shipout:D \box_use:N \l_shipout_box 
                                                  \__shipout_drop_firstpage_...
l.760 \end{figure}
                  
pdfTeX warning (ext4): destination with the same identifier (name{figure.3}) ha
s been already used, duplicate ignored
<argument> ...shipout:D \box_use:N \l_shipout_box 
                                                  \__shipout_drop_firstpage_...
l.760 \end{figure}
                   <./Figures//int.png> <./Figures//SCF.png (PNG copy)>]
<Figures//coe.png, id=490, 534.99875pt x 301.125pt>
File: Figures//coe.png Graphic file (type png)
<use Figures//coe.png>
Package pdftex.def Info: Figures//coe.png  used on input line 764.
(pdftex.def)             Requested size: 321.00172pt x 180.67638pt.

Overfull \hbox (10.82364pt too wide) in paragraph at lines 768--769
[]\C70/rm/m/n/10.53937/4e Â 
 \C70/rm/m/n/10.53937/4f ø \C70/rm/m/n/10.53937/66 / \C70/rm/m/n/10.53937/7b Ä 
\C70/rm/m/n/10.53937/53 U \C70/rm/m/n/10.53937/76 Ñ \C70/rm/m/n/10.53937/81 Í \
C70/rm/m/n/10.53937/6d = \C70/rm/m/n/10.53937/57 : \C70/rm/m/n/10.53937/6d A \C
70/rm/m/n/10.53937/7a |\C70/rm/m/n/10.53937/30 ^^B| \C70/rm/m/n/10.53937/73 ∞ 
\C70/rm/m/n/10.53937/57 ( \C70/rm/m/n/10.53937/67 	 \C70/rm/m/n/10.53937/5f à \
C70/rm/m/n/10.53937/59 ^^Z \C70/rm/m/n/10.53937/62 ^^P \C70/rm/m/n/10.53937/71 
ü \C70/rm/m/n/10.53937/76 Ñ \C70/rm/m/n/10.53937/4e Œ \C70/rm/m/n/10.53937/59 4
 \C70/rm/m/n/10.53937/7b ó \C70/rm/m/n/10.53937/8f o \C70/rm/m/n/10.53937/4e ˆ\
OT1/cmr/m/n/10.53937 (\C70/rm/m/n/10.53937/59 Ç\OT1/cmr/m/n/10.53937 Gaussian|\
C70/rm/m/n/10.53937/30 ^^A|
 []

[26
pdfTeX warning (ext4): destination with the same identifier (name{figure.4}) ha
s been already used, duplicate ignored
<argument> ...shipout:D \box_use:N \l_shipout_box 
                                                  \__shipout_drop_firstpage_...
l.771 \end{document}
                    
pdfTeX warning (ext4): destination with the same identifier (name{figure.5}) ha
s been already used, duplicate ignored
<argument> ...shipout:D \box_use:N \l_shipout_box 
                                                  \__shipout_drop_firstpage_...
l.771 \end{document}
                     <./Figures//E.png (PNG copy)> <./Figures//coe.png (PNG cop
y)>] [27] (./Hartree-Fock.aux)

LaTeX Font Warning: Size substitutions with differences
(Font)              up to 0.41063pt have occurred.

Package rerunfilecheck Info: File `Hartree-Fock.out' has not changed.
(rerunfilecheck)             Checksum: 0E9841A2A8BEDE48C6994E18796CC0C0;1701.
 ) 
Here is how much of TeX's memory you used:
 16165 strings out of 476025
 274583 string characters out of 5794015
 1873382 words of memory out of 5000000
 35860 multiletter control sequences out of 15000+600000
 558934 words of font info for 205 fonts, out of 8000000 for 9000
 1141 hyphenation exceptions out of 8191
 78i,15n,80p,1104b,481s stack positions out of 10000i,1000n,20000p,200000b,200000s
<c:/Windows/Fonts/simsun.ttc><c:/Windows/Fonts/simhei.ttf><c:/Windows/Fonts/s
imsun.ttc><c:/Windows/Fonts/simsun.ttc><c:/Windows/Fonts/simhei.ttf><c:/Windows
/Fonts/simhei.ttf><c:/Windows/Fonts/simhei.ttf><c:/Windows/Fonts/simsun.ttc><c:
/Windows/Fonts/simsun.ttc><c:/Windows/Fonts/simhei.ttf><c:/Windows/Fonts/simhei
.ttf><c:/Windows/Fonts/simhei.ttf><c:/Windows/Fonts/simsun.ttc><c:/Windows/Font
s/simhei.ttf><c:/Windows/Fonts/simhei.ttf><c:/Windows/Fonts/simhei.ttf><c:/Wind
ows/Fonts/simsun.ttc><c:/Windows/Fonts/simsun.ttc><c:/Windows/Fonts/simsun.ttc>
<c:/Windows/Fonts/simhei.ttf><c:/Windows/Fonts/simhei.ttf><c:/Windows/Fonts/sim
hei.ttf><c:/Windows/Fonts/simhei.ttf><c:/Windows/Fonts/simsun.ttc><c:/Windows/F
onts/simsun.ttc><c:/Windows/Fonts/simsun.ttc><c:/Windows/Fonts/simsun.ttc><c:/W
indows/Fonts/simsun.ttc><c:/Windows/Fonts/simsun.ttc><c:/Windows/Fonts/simsun.t
tc><c:/Windows/Fonts/simhei.ttf><c:/Windows/Fonts/simsun.ttc><c:/Windows/Fonts/
simsun.ttc><c:/Windows/Fonts/simsun.ttc><c:/Windows/Fonts/simsun.ttc><c:/Window
s/Fonts/simsun.ttc><c:/Windows/Fonts/simsun.ttc><c:/Windows/Fonts/simsun.ttc><c
:/Windows/Fonts/simsun.ttc><c:/Windows/Fonts/simsun.ttc><c:/Windows/Fonts/simsu
n.ttc><c:/Windows/Fonts/simsun.ttc><c:/Windows/Fonts/simsun.ttc><c:/Windows/Fon
ts/simhei.ttf><c:/Windows/Fonts/simhei.ttf><c:/Windows/Fonts/simhei.ttf><c:/Win
dows/Fonts/simhei.ttf><c:/Windows/Fonts/simhei.ttf><c:/Windows/Fonts/simhei.ttf
><c:/Windows/Fonts/simhei.ttf><c:/Windows/Fonts/simhei.ttf><c:/Windows/Fonts/si
mhei.ttf><c:/Windows/Fonts/simsun.ttc><c:/Windows/Fonts/simsun.ttc><c:/Windows/
Fonts/simsun.ttc><c:/Windows/Fonts/simsun.ttc><c:/Windows/Fonts/simsun.ttc><c:/
Windows/Fonts/simsun.ttc><c:/Windows/Fonts/simsun.ttc><c:/Windows/Fonts/simsun.
ttc><c:/Windows/Fonts/simsun.ttc><c:/Windows/Fonts/simsun.ttc><c:/Windows/Fonts
/simsun.ttc><c:/Windows/Fonts/simsun.ttc><c:/Windows/Fonts/simsun.ttc><c:/Windo
ws/Fonts/simsun.ttc><c:/Windows/Fonts/simsun.ttc><c:/Windows/Fonts/simsun.ttc><
c:/Windows/Fonts/simhei.ttf><c:/Windows/Fonts/simsun.ttc><c:/Windows/Fonts/sims
un.ttc><c:/Windows/Fonts/simsun.ttc><c:/Windows/Fonts/simsun.ttc><c:/Windows/Fo
nts/simsun.ttc><c:/Windows/Fonts/simsun.ttc><c:/Windows/Fonts/simsun.ttc><c:/Wi
ndows/Fonts/simsun.ttc><c:/Windows/Fonts/simsun.ttc><c:/Windows/Fonts/simsun.tt
c><c:/Windows/Fonts/simsun.ttc><c:/Windows/Fonts/simsun.ttc><c:/Windows/Fonts/s
imsun.ttc><c:/Windows/Fonts/simsun.ttc><c:/Windows/Fonts/simsun.ttc><c:/Windows
/Fonts/simsun.ttc><c:/Windows/Fonts/simsun.ttc><c:/Windows/Fonts/simsun.ttc><c:
/Windows/Fonts/simsun.ttc><c:/Windows/Fonts/simsun.ttc><c:/Windows/Fonts/simsun
.ttc><c:/Windows/Fonts/simhei.ttf><c:/Windows/Fonts/simhei.ttf><c:/Windows/Font
s/simhei.ttf><c:/Windows/Fonts/simhei.ttf><c:/Windows/Fonts/simhei.ttf><c:/Wind
ows/Fonts/simhei.ttf><c:/Windows/Fonts/simhei.ttf><c:/Windows/Fonts/simhei.ttf>
<c:/Windows/Fonts/simsun.ttc><c:/Windows/Fonts/simsun.ttc><c:/Windows/Fonts/sim
sun.ttc><c:/Windows/Fonts/simsun.ttc><c:/Windows/Fonts/simsun.ttc><c:/Windows/F
onts/simsun.ttc><c:/Windows/Fonts/simsun.ttc><c:/texlive/2023/texmf-dist/fonts/
type1/public/amsfonts/cm/cmbx10.pfb><c:/texlive/2023/texmf-dist/fonts/type1/pub
lic/amsfonts/cm/cmbx12.pfb><c:/texlive/2023/texmf-dist/fonts/type1/public/amsfo
nts/cm/cmbx7.pfb><c:/texlive/2023/texmf-dist/fonts/type1/public/amsfonts/cm/cme
x10.pfb><c:/texlive/2023/texmf-dist/fonts/type1/public/amsfonts/cm/cmmi10.pfb><
c:/texlive/2023/texmf-dist/fonts/type1/public/amsfonts/cm/cmmi7.pfb><c:/texlive
/2023/texmf-dist/fonts/type1/public/amsfonts/cm/cmr10.pfb><c:/texlive/2023/texm
f-dist/fonts/type1/public/amsfonts/cm/cmr12.pfb><c:/texlive/2023/texmf-dist/fon
ts/type1/public/amsfonts/cm/cmr17.pfb><c:/texlive/2023/texmf-dist/fonts/type1/p
ublic/amsfonts/cm/cmr5.pfb><c:/texlive/2023/texmf-dist/fonts/type1/public/amsfo
nts/cm/cmr7.pfb><c:/texlive/2023/texmf-dist/fonts/type1/public/amsfonts/cm/cmsy
10.pfb><c:/texlive/2023/texmf-dist/fonts/type1/public/amsfonts/cm/cmsy7.pfb><c:
/texlive/2023/texmf-dist/fonts/type1/public/rsfs/rsfs10.pfb><c:/texlive/2023/te
xmf-dist/fonts/type1/public/cm-super/sfrm1000.pfb>
Output written on Hartree-Fock.pdf (27 pages, 836328 bytes).
PDF statistics:
 924 PDF objects out of 1000 (max. 8388607)
 677 compressed objects within 7 object streams
 177 named destinations out of 1000 (max. 500000)
 413 words of extra memory for PDF output out of 10000 (max. 10000000)

