\BOOKMARK [1][-]{section.1}{\376\377\214\020\143\057\133\120\152\041\127\213}{}% 1
\BOOKMARK [2][-]{subsection.1.1}{\376\377\176\317\121\170\122\233\133\146\116\055\166\204\214\020\143\057\133\120}{section.1}% 2
\BOOKMARK [2][-]{subsection.1.2}{\376\377\124\310\133\306\230\177\173\227\173\046}{section.1}% 3
\BOOKMARK [1][-]{section.2}{\376\377\131\032\230\171\137\017\145\271\154\325\154\102\211\343\147\054\137\201\120\074\145\271\172\013}{}% 4
\BOOKMARK [2][-]{subsection.2.1}{\376\377\116\214\226\066\176\277\140\047\136\070\137\256\122\006\145\271\172\013\166\204\176\247\145\160\211\343\154\325}{section.2}% 5
\BOOKMARK [3][-]{subsubsection.2.1.1}{\376\377\116\214\226\066\176\277\140\047\136\070\137\256\122\006\145\271\172\013}{subsection.2.1}% 6
\BOOKMARK [3][-]{subsubsection.2.1.2}{\376\377\176\247\145\160\211\343\154\325}{subsection.2.1}% 7
\BOOKMARK [3][-]{subsubsection.2.1.3}{\376\377\153\143\122\031\131\107\160\271\220\273\127\337\166\204\176\247\145\160\211\343\154\325}{subsection.2.1}% 8
\BOOKMARK [2][-]{subsection.2.2}{\376\377\176\247\145\160\211\343\154\325\154\102\211\343\214\020\143\057\133\120}{section.2}% 9
\BOOKMARK [3][-]{subsubsection.2.2.1}{\376\377\121\375\145\160\116\016\123\330\221\317\166\204\123\330\143\142}{subsection.2.2}% 10
\BOOKMARK [3][-]{subsubsection.2.2.2}{\376\377\131\032\230\171\137\017\145\271\154\325}{subsection.2.2}% 11
\BOOKMARK [1][-]{section.3}{\376\377\123\107\226\115\173\227\173\046\154\325}{}% 12
\BOOKMARK [2][-]{subsection.3.1}{\376\377\173\046\123\367}{section.3}% 13
\BOOKMARK [3][-]{subsubsection.3.1.1}{\376\377\173\227\173\046\000X\000"\0000\0003\0006\0002\000X\124\214\000P\000"\0000\0003\0006\0002\000P}{subsection.3.1}% 14
\BOOKMARK [3][-]{subsubsection.3.1.2}{\376\377\173\227\173\046\000a\000,\000a\116\345\123\312\000N}{subsection.3.1}% 15
\BOOKMARK [2][-]{subsection.3.2}{\376\377\214\061\166\204\170\156\133\232}{section.3}% 16
\BOOKMARK [3][-]{subsubsection.3.2.1}{\376\377\137\025\164\006\0001\000-\000N\166\204\147\054\137\201\120\074\140\047\215\050}{subsection.3.2}% 17
\BOOKMARK [3][-]{subsubsection.3.2.2}{\376\377\137\025\164\006\0002\000-\167\342\221\317\000a\000|\000i\166\204\140\047\215\050}{subsection.3.2}% 18
\BOOKMARK [3][-]{subsubsection.3.2.3}{\376\377\137\025\164\006\0003\000-\167\342\221\317\000a\000|\000i\166\204\140\047\215\050}{subsection.3.2}% 19
\BOOKMARK [3][-]{subsubsection.3.2.4}{\376\377\000N\166\204\214\061\165\061\227\136\215\037\145\164\145\160\147\204\142\020}{subsection.3.2}% 20
\BOOKMARK [3][-]{subsubsection.3.2.5}{\376\377\147\054\137\201\120\074\166\204\173\200\136\166\136\246}{subsection.3.2}% 21
\BOOKMARK [2][-]{subsection.3.3}{\376\377\124\310\133\306\230\177\173\227\173\046\166\204\147\054\137\201\140\001}{section.3}% 22
\BOOKMARK [3][-]{subsubsection.3.3.1}{\376\377\127\372\167\342\221\317\210\150\116\072\000|\0000\166\204\121\375\145\160}{subsection.3.3}% 23
\BOOKMARK [3][-]{subsubsection.3.3.2}{\376\377\153\143\116\244\137\122\116\000\121\163\174\373\137\017\124\214\134\001\225\355\140\047\121\163\174\373\137\017}{subsection.3.3}% 24
\BOOKMARK [3][-]{subsubsection.3.3.3}{\376\377\124\004\173\227\173\046\166\204\117\134\165\050}{subsection.3.3}% 25
\BOOKMARK [2][-]{subsection.3.4}{\376\377\116\016\133\232\140\001\166\370\200\124\174\373\166\204\154\342\121\375\145\160}{section.3}% 26
\BOOKMARK [1][-]{section.4}{\376\377\124\004\124\021\124\014\140\047\166\204\116\011\176\364\214\020\143\057\133\120}{}% 27
\BOOKMARK [2][-]{subsection.4.1}{\376\377\124\310\133\306\230\177\173\227\173\046}{section.4}% 28
\BOOKMARK [2][-]{subsection.4.2}{\376\377\166\364\211\322\127\120\150\007\174\373\116\013\123\330\221\317\166\204\122\006\171\273}{section.4}% 29
\BOOKMARK [2][-]{subsection.4.3}{\376\377\200\375\176\247\166\204\173\200\136\166\136\246}{section.4}% 30
\BOOKMARK [1][-]{section.5}{\376\377\116\214\176\364\214\020\143\057\133\120}{}% 31
\BOOKMARK [2][-]{subsection.5.1}{\376\377\221\317\133\120\123\026}{section.5}% 32
\BOOKMARK [3][-]{subsubsection.5.1.1}{\376\377\176\317\121\170\122\233\133\146\166\204\131\004\164\006}{subsection.5.1}% 33
\BOOKMARK [3][-]{subsubsection.5.1.2}{\376\377\221\317\133\120\123\026\131\004\164\006}{subsection.5.1}% 34
\BOOKMARK [2][-]{subsection.5.2}{\376\377\134\006\133\232\140\001\143\011\221\317\133\120\145\160\000n\000x\116\016\000n\000y\122\006\174\173}{section.5}% 35
\BOOKMARK [2][-]{subsection.5.3}{\376\377\134\006\133\232\140\001\143\011\211\322\122\250\221\317\122\006\174\173}{section.5}% 36
\BOOKMARK [3][-]{subsubsection.5.3.1}{\376\377\173\227\173\046\000L\000z\166\204\141\017\116\111\123\312\140\047\215\050}{subsection.5.3}% 37
\BOOKMARK [3][-]{subsubsection.5.3.2}{\376\377\123\363\145\313\127\006\221\317\133\120\124\214\135\346\145\313\127\006\221\317\133\120}{subsection.5.3}% 38
\BOOKMARK [3][-]{subsubsection.5.3.3}{\376\377\121\167\147\011\133\214\121\150\170\156\133\232\166\204\211\322\122\250\221\317\166\204\133\232\140\001}{subsection.5.3}% 39
