\BOOKMARK [1][-]{section.1}{\376\377\225\356\230\230\166\204\150\227\151\202}{}% 1
\BOOKMARK [2][-]{subsection.1.1}{\376\377\140\001\172\172\225\364}{section.1}% 2
\BOOKMARK [2][-]{subsection.1.2}{\376\377\133\371\146\023\121\163\174\373}{section.1}% 3
\BOOKMARK [2][-]{subsection.1.3}{\376\377\147\011\137\205\217\333\210\114\166\204\127\372\166\204\123\330\143\142}{section.1}% 4
\BOOKMARK [1][-]{section.2}{\376\377\000b\000o\000l\000d\0000\000m\000u\000\040\000m\000u\000m\000u\000\040\000J\000J\000s\000e\000c\000t\000i\000o\000n\000J\000J\000J\000J\0002\124\214\000J\000z\166\204\147\054\137\201\120\074}{}% 5
\BOOKMARK [2][-]{subsection.2.1}{\376\377\116\044\116\052\201\352\145\313\0001\000/\0002\166\204\200\046\124\010\166\204\162\171\117\213}{section.2}% 6
\BOOKMARK [3][-]{subsubsection.2.1.1}{\376\377\140\001\172\172\225\364}{subsection.2.1}% 7
\BOOKMARK [3][-]{subsubsection.2.1.2}{\376\377\133\371\146\023\121\163\174\373}{subsection.2.1}% 8
\BOOKMARK [3][-]{subsubsection.2.1.3}{\376\377\147\011\137\205\217\333\210\114\166\204\127\372\166\204\123\330\143\142}{subsection.2.1}% 9
\BOOKMARK [3][-]{subsubsection.2.1.4}{\376\377\000S\000z\166\204\147\054\137\201\120\074\123\312\121\166\173\200\136\166\136\246}{subsection.2.1}% 10
\BOOKMARK [3][-]{subsubsection.2.1.5}{\376\377\210\150\171\072\000b\000o\000l\000d\0000\000m\000u\000\040\000m\000u\000m\000u\000\040\000S\000S\000s\000u\000b\000s\000u\000b\000s\000e\000c\000t\000i\000o\000n\000S\000S\000S\000S\0002\167\351\226\065\166\204\213\241\173\227}{subsection.2.1}% 11
\BOOKMARK [3][-]{subsubsection.2.1.6}{\376\377\000b\000o\000l\000d\0000\000m\000u\000\040\000m\000u\000m\000u\000\040\000S\000S\000s\000u\000b\000s\000u\000b\000s\000e\000c\000t\000i\000o\000n\000S\000S\000S\000S\0002\166\204\147\054\137\201\120\074\124\214\147\054\137\201\167\342}{subsection.2.1}% 12
\BOOKMARK [2][-]{subsection.2.2}{\376\377\000J\000z\166\204\147\054\137\201\120\074\123\312\121\166\173\200\136\166\136\246}{section.2}% 13
\BOOKMARK [2][-]{subsection.2.3}{\376\377\000b\000o\000l\000d\0000\000m\000u\000\040\000m\000u\000m\000u\000\040\000J\000J\000s\000u\000b\000s\000e\000c\000t\000i\000o\000n\000J\000J\000J\000J\0002\166\204\147\054\137\201\120\074}{section.2}% 14
\BOOKMARK [1][-]{section.3}{\376\377\000b\000o\000l\000d\0000\000m\000u\000\040\000m\000u\000m\000u\000\040\000J\000J\000s\000e\000c\000t\000i\000o\000n\000J\000J\000J\000J\0002\124\214\000J\000z\166\204\121\161\124\014\147\054\137\201\167\342}{}% 15
\BOOKMARK [2][-]{subsection.3.1}{\376\377\116\044\116\052\201\352\145\313\0001\000/\0002\166\204\162\171\117\213}{section.3}% 16
\BOOKMARK [3][-]{subsubsection.3.1.1}{\376\377\133\120\172\172\225\364\000E\000\050\000S\000=\0001\000\051}{subsection.3.1}% 17
\BOOKMARK [3][-]{subsubsection.3.1.2}{\376\377\140\001\000|\000S\000=\0000\000,\000M\000=\0000}{subsection.3.1}% 18
\BOOKMARK [2][-]{subsection.3.2}{\376\377\000j\0001\124\214\000j\0002\146\057\116\373\141\017\166\204\116\000\202\054\140\305\121\265}{section.3}% 19
\BOOKMARK [3][-]{subsubsection.3.2.1}{\376\377\133\120\172\172\225\364\000E\000\050\000J\000=\000j\0001\000+\000j\0002\000\051}{subsection.3.2}% 20
\BOOKMARK [3][-]{subsubsection.3.2.2}{\376\377\121\166\116\326\133\120\172\172\225\364\000E\000\050\000J\000\051}{subsection.3.2}% 21
\BOOKMARK [2][-]{subsection.3.3}{\376\377\121\113\203\261\136\003\136\014\000-\232\330\166\173\174\373\145\160}{section.3}% 22
\BOOKMARK [1][-]{section.4}{\376\377\121\113\203\261\136\003\136\014\000-\232\330\166\173\174\373\145\160}{}% 23
\BOOKMARK [2][-]{subsection.4.1}{\376\377\121\113\203\261\136\003\136\014\000-\232\330\166\173\174\373\145\160\166\204\116\000\202\054\140\047\215\050}{section.4}% 24
\BOOKMARK [3][-]{subsubsection.4.1.1}{\376\377\220\011\142\351\133\232\122\031}{subsection.4.1}% 25
\BOOKMARK [3][-]{subsubsection.4.1.2}{\376\377\153\143\116\244\121\163\174\373\137\017}{subsection.4.1}% 26
\BOOKMARK [3][-]{subsubsection.4.1.3}{\376\377\220\022\143\250\121\163\174\373\137\017}{subsection.4.1}% 27
\BOOKMARK [2][-]{subsection.4.2}{\376\377\121\163\116\216\166\370\117\115\166\204\140\357\117\213}{section.4}% 28
\BOOKMARK [3][-]{subsubsection.4.2.1}{\376\377\133\236\145\160\140\047}{subsection.4.2}% 29
\BOOKMARK [3][-]{subsubsection.4.2.2}{\376\377\121\166\116\326\166\204\121\113\203\261\136\003\136\014\000-\232\330\166\173\174\373\145\160}{subsection.4.2}% 30
